<?xml version="1.0" encoding="UTF-8"?>
<!-- Generated by org.testng.reporters.JUnitXMLReporter -->
<testsuite ignored="0" hostname="dushant-PC" failures="0" tests="13" name="Default test" time="0.281" errors="0" timestamp="2020-04-28T11:11:20 IST">
  <testcase classname="djmvnprojects.Additional" name="Additional1" time="0.053"/>
  <testcase classname="djmvnprojects.RestAPITest" name="RestAPI1" time="0.002"/>
  <testcase classname="djmvnprojects.RestAPITest" name="RestAPI2" time="0.001"/>
  <testcase classname="djmvnprojects.RestAPITest" name="RestAPI3" time="0.002"/>
  <testcase classname="djmvnprojects.RestAPITest" name="RestAPI4" time="0.002"/>
  <testcase classname="djmvnprojects.AppiumTest" name="Appium1" time="0.002"/>
  <testcase classname="djmvnprojects.AppiumTest" name="Appium2" time="0.002"/>
  <testcase classname="djmvnprojects.AppiumTest" name="Appium3" time="0.001"/>
  <testcase classname="djmvnprojects.AppiumTest" name="Appium4" time="0.001"/>
  <testcase classname="djmvnprojects.SeleniumTest" name="Selmethod1" time="0.003"/>
  <testcase classname="djmvnprojects.SeleniumTest" name="Selmethod2" time="0.002"/>
  <testcase classname="djmvnprojects.SeleniumTest" name="Selmethod3" time="0.002"/>
  <testcase classname="djmvnprojects.SeleniumTest" name="Selmethod4" time="0.001"/>
</testsuite> <!-- Default test -->
