<?xml version="1.0" encoding="UTF-8"?>
<!-- Generated by org.testng.reporters.JUnitXMLReporter -->
<testsuite hostname="dushant-PC" ignored="0" name="Command line test" tests="13" failures="0" timestamp="2020-04-28T11:18:41 IST" time="0.231" errors="0">
  <testcase name="Additional1" time="0.03" classname="djmvnprojects.AdditionalTest"/>
  <testcase name="Appium1" time="0.001" classname="djmvnprojects.AppiumTest"/>
  <testcase name="Appium2" time="0.0" classname="djmvnprojects.AppiumTest"/>
  <testcase name="Appium3" time="0.001" classname="djmvnprojects.AppiumTest"/>
  <testcase name="Appium4" time="0.001" classname="djmvnprojects.AppiumTest"/>
  <testcase name="RestAPI1" time="0.001" classname="djmvnprojects.RestAPITest"/>
  <testcase name="RestAPI2" time="0.0" classname="djmvnprojects.RestAPITest"/>
  <testcase name="RestAPI3" time="0.0" classname="djmvnprojects.RestAPITest"/>
  <testcase name="RestAPI4" time="0.0" classname="djmvnprojects.RestAPITest"/>
  <testcase name="Selmethod1" time="0.0" classname="djmvnprojects.SeleniumTest"/>
  <testcase name="Selmethod2" time="0.0" classname="djmvnprojects.SeleniumTest"/>
  <testcase name="Selmethod3" time="0.0" classname="djmvnprojects.SeleniumTest"/>
  <testcase name="Selmethod4" time="0.0" classname="djmvnprojects.SeleniumTest"/>
</testsuite> <!-- Command line test -->
